<?xml version="1.0" encoding="UTF-8"?>
<!-- Generated by org.testng.reporters.JUnitReportReporter -->
<testsuite skipped="0" hostname="LAPTOP-UAU2BSC9" name="cucumber_parser.TestNGRunner" tests="1" failures="0" timestamp="2020-07-08T17:51:16 IST" time="10.487" errors="0">
  <testcase name="runScenario" time="10.487" classname="cucumber_parser.TestNGRunner"/>
  <system-out/>
</testsuite> <!-- cucumber_parser.TestNGRunner -->
